{"/Users/rinoarmadiaz/Development/ReactNative/CardGame/app/hooks/useGame.ts": {"path":"/Users/rinoarmadiaz/Development/ReactNative/CardGame/app/hooks/useGame.ts","statementMap":{"0":{"start":{"line":7,"column":16},"end":{"line":101,"column":1}},"1":{"start":{"line":8,"column":34},"end":{"line":8,"column":59}},"2":{"start":{"line":9,"column":46},"end":{"line":9,"column":61}},"3":{"start":{"line":10,"column":28},"end":{"line":10,"column":39}},"4":{"start":{"line":11,"column":28},"end":{"line":11,"column":44}},"5":{"start":{"line":13,"column":25},"end":{"line":32,"column":8}},"6":{"start":{"line":14,"column":29},"end":{"line":14,"column":31}},"7":{"start":{"line":15,"column":34},"end":{"line":15,"column":36}},"8":{"start":{"line":16,"column":4},"end":{"line":18,"column":5}},"9":{"start":{"line":16,"column":21},"end":{"line":16,"column":22}},"10":{"start":{"line":17,"column":6},"end":{"line":17,"column":45}},"11":{"start":{"line":19,"column":4},"end":{"line":27,"column":5}},"12":{"start":{"line":19,"column":21},"end":{"line":19,"column":22}},"13":{"start":{"line":21,"column":8},"end":{"line":21,"column":71}},"14":{"start":{"line":22,"column":6},"end":{"line":26,"column":9}},"15":{"start":{"line":28,"column":4},"end":{"line":28,"column":37}},"16":{"start":{"line":29,"column":4},"end":{"line":29,"column":29}},"17":{"start":{"line":30,"column":4},"end":{"line":30,"column":16}},"18":{"start":{"line":31,"column":4},"end":{"line":31,"column":42}},"19":{"start":{"line":34,"column":25},"end":{"line":82,"column":3}},"20":{"start":{"line":36,"column":20},"end":{"line":44,"column":9}},"21":{"start":{"line":36,"column":42},"end":{"line":44,"column":7}},"22":{"start":{"line":45,"column":6},"end":{"line":78,"column":7}},"23":{"start":{"line":49,"column":8},"end":{"line":49,"column":47}},"24":{"start":{"line":50,"column":8},"end":{"line":50,"column":29}},"25":{"start":{"line":51,"column":8},"end":{"line":51,"column":52}},"26":{"start":{"line":52,"column":8},"end":{"line":65,"column":17}},"27":{"start":{"line":53,"column":10},"end":{"line":53,"column":38}},"28":{"start":{"line":54,"column":27},"end":{"line":61,"column":13}},"29":{"start":{"line":54,"column":48},"end":{"line":61,"column":11}},"30":{"start":{"line":62,"column":10},"end":{"line":62,"column":32}},"31":{"start":{"line":63,"column":10},"end":{"line":63,"column":35}},"32":{"start":{"line":64,"column":10},"end":{"line":64,"column":48}},"33":{"start":{"line":66,"column":8},"end":{"line":66,"column":32}},"34":{"start":{"line":68,"column":8},"end":{"line":68,"column":56}},"35":{"start":{"line":69,"column":8},"end":{"line":69,"column":38}},"36":{"start":{"line":70,"column":8},"end":{"line":76,"column":9}},"37":{"start":{"line":72,"column":10},"end":{"line":72,"column":33}},"38":{"start":{"line":73,"column":10},"end":{"line":73,"column":48}},"39":{"start":{"line":75,"column":10},"end":{"line":75,"column":45}},"40":{"start":{"line":77,"column":8},"end":{"line":77,"column":29}},"41":{"start":{"line":79,"column":6},"end":{"line":79,"column":33}},"42":{"start":{"line":79,"column":23},"end":{"line":79,"column":31}},"43":{"start":{"line":84,"column":2},"end":{"line":98,"column":40}},"44":{"start":{"line":85,"column":4},"end":{"line":97,"column":5}},"45":{"start":{"line":87,"column":8},"end":{"line":87,"column":66}},"46":{"start":{"line":87,"column":35},"end":{"line":87,"column":58}},"47":{"start":{"line":88,"column":6},"end":{"line":96,"column":7}},"48":{"start":{"line":89,"column":8},"end":{"line":95,"column":16}},"49":{"start":{"line":90,"column":10},"end":{"line":94,"column":12}},"50":{"start":{"line":100,"column":2},"end":{"line":100,"column":77}}},"fnMap":{"0":{"name":"(anonymous_0)","decl":{"start":{"line":7,"column":16},"end":{"line":7,"column":17}},"loc":{"start":{"line":7,"column":22},"end":{"line":101,"column":1}},"line":7},"1":{"name":"(anonymous_1)","decl":{"start":{"line":13,"column":37},"end":{"line":13,"column":38}},"loc":{"start":{"line":13,"column":43},"end":{"line":32,"column":3}},"line":13},"2":{"name":"(anonymous_2)","decl":{"start":{"line":35,"column":4},"end":{"line":35,"column":5}},"loc":{"start":{"line":35,"column":36},"end":{"line":80,"column":5}},"line":35},"3":{"name":"(anonymous_3)","decl":{"start":{"line":36,"column":33},"end":{"line":36,"column":34}},"loc":{"start":{"line":36,"column":42},"end":{"line":44,"column":7}},"line":36},"4":{"name":"(anonymous_4)","decl":{"start":{"line":52,"column":19},"end":{"line":52,"column":20}},"loc":{"start":{"line":52,"column":25},"end":{"line":65,"column":9}},"line":52},"5":{"name":"(anonymous_5)","decl":{"start":{"line":54,"column":39},"end":{"line":54,"column":40}},"loc":{"start":{"line":54,"column":48},"end":{"line":61,"column":11}},"line":54},"6":{"name":"(anonymous_6)","decl":{"start":{"line":79,"column":15},"end":{"line":79,"column":16}},"loc":{"start":{"line":79,"column":23},"end":{"line":79,"column":31}},"line":79},"7":{"name":"(anonymous_7)","decl":{"start":{"line":84,"column":12},"end":{"line":84,"column":13}},"loc":{"start":{"line":84,"column":18},"end":{"line":98,"column":3}},"line":84},"8":{"name":"(anonymous_8)","decl":{"start":{"line":87,"column":27},"end":{"line":87,"column":28}},"loc":{"start":{"line":87,"column":35},"end":{"line":87,"column":58}},"line":87},"9":{"name":"(anonymous_9)","decl":{"start":{"line":89,"column":19},"end":{"line":89,"column":20}},"loc":{"start":{"line":89,"column":25},"end":{"line":95,"column":9}},"line":89}},"branchMap":{"0":{"loc":{"start":{"line":21,"column":22},"end":{"line":21,"column":70}},"type":"cond-expr","locations":[{"start":{"line":21,"column":34},"end":{"line":21,"column":62}},{"start":{"line":21,"column":65},"end":{"line":21,"column":70}}],"line":21},"1":{"loc":{"start":{"line":39,"column":10},"end":{"line":43,"column":24}},"type":"cond-expr","locations":[{"start":{"line":40,"column":14},"end":{"line":42,"column":24}},{"start":{"line":43,"column":14},"end":{"line":43,"column":24}}],"line":39},"2":{"loc":{"start":{"line":40,"column":14},"end":{"line":42,"column":24}},"type":"cond-expr","locations":[{"start":{"line":41,"column":16},"end":{"line":41,"column":24}},{"start":{"line":42,"column":16},"end":{"line":42,"column":24}}],"line":40},"3":{"loc":{"start":{"line":45,"column":6},"end":{"line":78,"column":7}},"type":"if","locations":[{"start":{"line":45,"column":6},"end":{"line":78,"column":7}},{"start":{"line":67,"column":13},"end":{"line":78,"column":7}}],"line":45},"4":{"loc":{"start":{"line":46,"column":8},"end":{"line":47,"column":44}},"type":"binary-expr","locations":[{"start":{"line":46,"column":8},"end":{"line":46,"column":47}},{"start":{"line":47,"column":8},"end":{"line":47,"column":44}}],"line":46},"5":{"loc":{"start":{"line":57,"column":14},"end":{"line":60,"column":28}},"type":"cond-expr","locations":[{"start":{"line":59,"column":18},"end":{"line":59,"column":26}},{"start":{"line":60,"column":18},"end":{"line":60,"column":28}}],"line":57},"6":{"loc":{"start":{"line":57,"column":14},"end":{"line":58,"column":55}},"type":"binary-expr","locations":[{"start":{"line":57,"column":14},"end":{"line":57,"column":36}},{"start":{"line":58,"column":14},"end":{"line":58,"column":55}}],"line":57},"7":{"loc":{"start":{"line":70,"column":8},"end":{"line":76,"column":9}},"type":"if","locations":[{"start":{"line":70,"column":8},"end":{"line":76,"column":9}},{"start":{"line":74,"column":15},"end":{"line":76,"column":9}}],"line":70},"8":{"loc":{"start":{"line":85,"column":4},"end":{"line":97,"column":5}},"type":"if","locations":[{"start":{"line":85,"column":4},"end":{"line":97,"column":5}},{"start":{},"end":{}}],"line":85},"9":{"loc":{"start":{"line":88,"column":6},"end":{"line":96,"column":7}},"type":"if","locations":[{"start":{"line":88,"column":6},"end":{"line":96,"column":7}},{"start":{},"end":{}}],"line":88}},"s":{"0":1,"1":8,"2":8,"3":8,"4":8,"5":8,"6":3,"7":3,"8":3,"9":3,"10":18,"11":3,"12":3,"13":36,"14":36,"15":3,"16":3,"17":3,"18":3,"19":8,"20":2,"21":24,"22":2,"23":0,"24":0,"25":0,"26":0,"27":0,"28":0,"29":0,"30":0,"31":0,"32":0,"33":0,"34":2,"35":2,"36":2,"37":0,"38":0,"39":2,"40":2,"41":2,"42":2,"43":8,"44":8,"45":5,"46":5,"47":5,"48":0,"49":0,"50":8},"f":{"0":8,"1":3,"2":2,"3":24,"4":0,"5":0,"6":2,"7":8,"8":5,"9":0},"b":{"0":[18,18],"1":[2,22],"2":[2,0],"3":[0,2],"4":[2,0],"5":[0,0],"6":[0,0],"7":[0,2],"8":[5,3],"9":[0,5]},"_coverageSchema":"1a1c01bbd47fc00a2c39e90264f33305004495a9","hash":"3a85f38a60f7c8549ba7e22e84cd1a2adbb47e8b"}
,"/Users/rinoarmadiaz/Development/ReactNative/CardGame/app/utils/constants.ts": {"path":"/Users/rinoarmadiaz/Development/ReactNative/CardGame/app/utils/constants.ts","statementMap":{"0":{"start":{"line":1,"column":25},"end":{"line":1,"column":76}},"1":{"start":{"line":1,"column":31},"end":{"line":1,"column":76}},"2":{"start":{"line":3,"column":24},"end":{"line":3,"column":26}}},"fnMap":{"0":{"name":"(anonymous_0)","decl":{"start":{"line":1,"column":25},"end":{"line":1,"column":26}},"loc":{"start":{"line":1,"column":31},"end":{"line":1,"column":76}},"line":1}},"branchMap":{},"s":{"0":2,"1":10018,"2":2},"f":{"0":10018},"b":{},"_coverageSchema":"1a1c01bbd47fc00a2c39e90264f33305004495a9","hash":"8881289a04593fb4a87743b3bda7c8ef61ca75a2"}
,"/Users/rinoarmadiaz/Development/ReactNative/CardGame/app/utils/helpers.ts": {"path":"/Users/rinoarmadiaz/Development/ReactNative/CardGame/app/utils/helpers.ts","statementMap":{"0":{"start":{"line":1,"column":21},"end":{"line":19,"column":1}},"1":{"start":{"line":2,"column":21},"end":{"line":2,"column":33}},"2":{"start":{"line":6,"column":2},"end":{"line":16,"column":3}},"3":{"start":{"line":8,"column":4},"end":{"line":8,"column":59}},"4":{"start":{"line":9,"column":4},"end":{"line":9,"column":19}},"5":{"start":{"line":12,"column":4},"end":{"line":15,"column":6}},"6":{"start":{"line":18,"column":2},"end":{"line":18,"column":15}}},"fnMap":{"0":{"name":"(anonymous_0)","decl":{"start":{"line":1,"column":21},"end":{"line":1,"column":22}},"loc":{"start":{"line":1,"column":44},"end":{"line":19,"column":1}},"line":1}},"branchMap":{},"s":{"0":2,"1":4,"2":4,"3":39,"4":39,"5":39,"6":4},"f":{"0":4},"b":{},"_coverageSchema":"1a1c01bbd47fc00a2c39e90264f33305004495a9","hash":"0eb3ac7483dd6355903d7d0f500f26451d4e58b0"}
}
