TN:
SF:app/hooks/useGame.ts
FN:7,(anonymous_0)
FN:13,(anonymous_1)
FN:35,(anonymous_2)
FN:36,(anonymous_3)
FN:52,(anonymous_4)
FN:54,(anonymous_5)
FN:79,(anonymous_6)
FN:84,(anonymous_7)
FN:87,(anonymous_8)
FN:89,(anonymous_9)
FNF:10
FNH:7
FNDA:8,(anonymous_0)
FNDA:3,(anonymous_1)
FNDA:2,(anonymous_2)
FNDA:24,(anonymous_3)
FNDA:0,(anonymous_4)
FNDA:0,(anonymous_5)
FNDA:2,(anonymous_6)
FNDA:8,(anonymous_7)
FNDA:5,(anonymous_8)
FNDA:0,(anonymous_9)
DA:7,1
DA:8,8
DA:9,8
DA:10,8
DA:11,8
DA:13,8
DA:14,3
DA:15,3
DA:16,3
DA:17,18
DA:19,3
DA:21,36
DA:22,36
DA:28,3
DA:29,3
DA:30,3
DA:31,3
DA:34,8
DA:36,24
DA:45,2
DA:49,0
DA:50,0
DA:51,0
DA:52,0
DA:53,0
DA:54,0
DA:62,0
DA:63,0
DA:64,0
DA:66,0
DA:68,2
DA:69,2
DA:70,2
DA:72,0
DA:73,0
DA:75,2
DA:77,2
DA:79,2
DA:84,8
DA:85,8
DA:87,5
DA:88,5
DA:89,0
DA:90,0
DA:100,8
LF:45
LH:31
BRDA:21,0,0,18
BRDA:21,0,1,18
BRDA:39,1,0,2
BRDA:39,1,1,22
BRDA:40,2,0,2
BRDA:40,2,1,0
BRDA:45,3,0,0
BRDA:45,3,1,2
BRDA:46,4,0,2
BRDA:46,4,1,0
BRDA:57,5,0,0
BRDA:57,5,1,0
BRDA:57,6,0,0
BRDA:57,6,1,0
BRDA:70,7,0,0
BRDA:70,7,1,2
BRDA:85,8,0,5
BRDA:85,8,1,3
BRDA:88,9,0,0
BRDA:88,9,1,5
BRF:20
BRH:11
end_of_record
TN:
SF:app/utils/constants.ts
FN:1,(anonymous_0)
FNF:1
FNH:1
FNDA:10018,(anonymous_0)
DA:1,10018
DA:3,2
LF:2
LH:2
BRF:0
BRH:0
end_of_record
TN:
SF:app/utils/helpers.ts
FN:1,(anonymous_0)
FNF:1
FNH:1
FNDA:4,(anonymous_0)
DA:1,2
DA:2,4
DA:6,4
DA:8,39
DA:9,39
DA:12,39
DA:18,4
LF:7
LH:7
BRF:0
BRH:0
end_of_record
